[0m[[0minfo[0m] [0m[32mAnagramsSuite:[0m[0m
[0m[[0minfo[0m] [0m[31m- wordOccurrences: abcd *** FAILED ***[0m[0m
[0m[[0minfo[0m] [0m[31m  scala.NotImplementedError: an implementation is missing[0m[0m
[0m[[0minfo[0m] [0m[31m  at scala.Predef$.$qmark$qmark$qmark(Predef.scala:252)[0m[0m
[0m[[0minfo[0m] [0m[31m  at forcomp.Anagrams$.wordOccurrences(Anagrams.scala:36)[0m[0m
[0m[[0minfo[0m] [0m[31m  at forcomp.AnagramsSuite$$anonfun$1.apply$mcV$sp(AnagramsSuite.scala:14)[0m[0m
[0m[[0minfo[0m] [0m[31m  at forcomp.AnagramsSuite$$anonfun$1.apply(AnagramsSuite.scala:14)[0m[0m
[0m[[0minfo[0m] [0m[31m  at forcomp.AnagramsSuite$$anonfun$1.apply(AnagramsSuite.scala:14)[0m[0m
[0m[[0minfo[0m] [0m[31m  at org.scalatest.FunSuite$$anon$1.apply(FunSuite.scala:1265)[0m[0m
[0m[[0minfo[0m] [0m[31m  at org.scalatest.Suite$class.withFixture(Suite.scala:1974)[0m[0m
[0m[[0minfo[0m] [0m[31m  at forcomp.AnagramsSuite.withFixture(AnagramsSuite.scala:11)[0m[0m
[0m[[0minfo[0m] [0m[31m  at org.scalatest.FunSuite$class.invokeWithFixture$1(FunSuite.scala:1262)[0m[0m
[0m[[0minfo[0m] [0m[31m  at org.scalatest.FunSuite$$anonfun$runTest$1.apply(FunSuite.scala:1271)[0m[0m
[0m[[0minfo[0m] [0m[31m  ...[0m[0m
[0m[[0minfo[0m] [0m[31m- wordOccurrences: Robert *** FAILED ***[0m[0m
[0m[[0minfo[0m] [0m[31m  scala.NotImplementedError: an implementation is missing[0m[0m
[0m[[0minfo[0m] [0m[31m  at scala.Predef$.$qmark$qmark$qmark(Predef.scala:252)[0m[0m
[0m[[0minfo[0m] [0m[31m  at forcomp.Anagrams$.wordOccurrences(Anagrams.scala:36)[0m[0m
[0m[[0minfo[0m] [0m[31m  at forcomp.AnagramsSuite$$anonfun$2.apply$mcV$sp(AnagramsSuite.scala:18)[0m[0m
[0m[[0minfo[0m] [0m[31m  at forcomp.AnagramsSuite$$anonfun$2.apply(AnagramsSuite.scala:18)[0m[0m
[0m[[0minfo[0m] [0m[31m  at forcomp.AnagramsSuite$$anonfun$2.apply(AnagramsSuite.scala:18)[0m[0m
[0m[[0minfo[0m] [0m[31m  at org.scalatest.FunSuite$$anon$1.apply(FunSuite.scala:1265)[0m[0m
[0m[[0minfo[0m] [0m[31m  at org.scalatest.Suite$class.withFixture(Suite.scala:1974)[0m[0m
[0m[[0minfo[0m] [0m[31m  at forcomp.AnagramsSuite.withFixture(AnagramsSuite.scala:11)[0m[0m
[0m[[0minfo[0m] [0m[31m  at org.scalatest.FunSuite$class.invokeWithFixture$1(FunSuite.scala:1262)[0m[0m
[0m[[0minfo[0m] [0m[31m  at org.scalatest.FunSuite$$anonfun$runTest$1.apply(FunSuite.scala:1271)[0m[0m
[0m[[0minfo[0m] [0m[31m  ...[0m[0m
[0m[[0minfo[0m] [0m[31m- sentenceOccurrences: abcd e *** FAILED ***[0m[0m
[0m[[0minfo[0m] [0m[31m  scala.NotImplementedError: an implementation is missing[0m[0m
[0m[[0minfo[0m] [0m[31m  at scala.Predef$.$qmark$qmark$qmark(Predef.scala:252)[0m[0m
[0m[[0minfo[0m] [0m[31m  at forcomp.Anagrams$.sentenceOccurrences(Anagrams.scala:39)[0m[0m
[0m[[0minfo[0m] [0m[31m  at forcomp.AnagramsSuite$$anonfun$3.apply$mcV$sp(AnagramsSuite.scala:24)[0m[0m
[0m[[0minfo[0m] [0m[31m  at forcomp.AnagramsSuite$$anonfun$3.apply(AnagramsSuite.scala:24)[0m[0m
[0m[[0minfo[0m] [0m[31m  at forcomp.AnagramsSuite$$anonfun$3.apply(AnagramsSuite.scala:24)[0m[0m
[0m[[0minfo[0m] [0m[31m  at org.scalatest.FunSuite$$anon$1.apply(FunSuite.scala:1265)[0m[0m
[0m[[0minfo[0m] [0m[31m  at org.scalatest.Suite$class.withFixture(Suite.scala:1974)[0m[0m
[0m[[0minfo[0m] [0m[31m  at forcomp.AnagramsSuite.withFixture(AnagramsSuite.scala:11)[0m[0m
[0m[[0minfo[0m] [0m[31m  at org.scalatest.FunSuite$class.invokeWithFixture$1(FunSuite.scala:1262)[0m[0m
[0m[[0minfo[0m] [0m[31m  at org.scalatest.FunSuite$$anonfun$runTest$1.apply(FunSuite.scala:1271)[0m[0m
[0m[[0minfo[0m] [0m[31m  ...[0m[0m
[0m[[0minfo[0m] [0m[31m- dictionaryByOccurrences.get: eat *** FAILED ***[0m[0m
[0m[[0minfo[0m] [0m[31m  scala.NotImplementedError: an implementation is missing[0m[0m
[0m[[0minfo[0m] [0m[31m  at scala.Predef$.$qmark$qmark$qmark(Predef.scala:252)[0m[0m
[0m[[0minfo[0m] [0m[31m  at forcomp.Anagrams$.dictionaryByOccurrences$lzycompute(Anagrams.scala:56)[0m[0m
[0m[[0minfo[0m] [0m[31m  at forcomp.Anagrams$.dictionaryByOccurrences(Anagrams.scala:56)[0m[0m
[0m[[0minfo[0m] [0m[31m  at forcomp.AnagramsSuite$$anonfun$4.apply$mcV$sp(AnagramsSuite.scala:30)[0m[0m
[0m[[0minfo[0m] [0m[31m  at forcomp.AnagramsSuite$$anonfun$4.apply(AnagramsSuite.scala:30)[0m[0m
[0m[[0minfo[0m] [0m[31m  at forcomp.AnagramsSuite$$anonfun$4.apply(AnagramsSuite.scala:30)[0m[0m
[0m[[0minfo[0m] [0m[31m  at org.scalatest.FunSuite$$anon$1.apply(FunSuite.scala:1265)[0m[0m
[0m[[0minfo[0m] [0m[31m  at org.scalatest.Suite$class.withFixture(Suite.scala:1974)[0m[0m
[0m[[0minfo[0m] [0m[31m  at forcomp.AnagramsSuite.withFixture(AnagramsSuite.scala:11)[0m[0m
[0m[[0minfo[0m] [0m[31m  at org.scalatest.FunSuite$class.invokeWithFixture$1(FunSuite.scala:1262)[0m[0m
[0m[[0minfo[0m] [0m[31m  ...[0m[0m
[0m[[0minfo[0m] [0m[31m- word anagrams: married *** FAILED ***[0m[0m
[0m[[0minfo[0m] [0m[31m  scala.NotImplementedError: an implementation is missing[0m[0m
[0m[[0minfo[0m] [0m[31m  at scala.Predef$.$qmark$qmark$qmark(Predef.scala:252)[0m[0m
[0m[[0minfo[0m] [0m[31m  at forcomp.Anagrams$.wordAnagrams(Anagrams.scala:59)[0m[0m
[0m[[0minfo[0m] [0m[31m  at forcomp.AnagramsSuite$$anonfun$5.apply$mcV$sp(AnagramsSuite.scala:36)[0m[0m
[0m[[0minfo[0m] [0m[31m  at forcomp.AnagramsSuite$$anonfun$5.apply(AnagramsSuite.scala:36)[0m[0m
[0m[[0minfo[0m] [0m[31m  at forcomp.AnagramsSuite$$anonfun$5.apply(AnagramsSuite.scala:36)[0m[0m
[0m[[0minfo[0m] [0m[31m  at org.scalatest.FunSuite$$anon$1.apply(FunSuite.scala:1265)[0m[0m
[0m[[0minfo[0m] [0m[31m  at org.scalatest.Suite$class.withFixture(Suite.scala:1974)[0m[0m
[0m[[0minfo[0m] [0m[31m  at forcomp.AnagramsSuite.withFixture(AnagramsSuite.scala:11)[0m[0m
[0m[[0minfo[0m] [0m[31m  at org.scalatest.FunSuite$class.invokeWithFixture$1(FunSuite.scala:1262)[0m[0m
[0m[[0minfo[0m] [0m[31m  at org.scalatest.FunSuite$$anonfun$runTest$1.apply(FunSuite.scala:1271)[0m[0m
[0m[[0minfo[0m] [0m[31m  ...[0m[0m
[0m[[0minfo[0m] [0m[31m- word anagrams: player *** FAILED ***[0m[0m
[0m[[0minfo[0m] [0m[31m  scala.NotImplementedError: an implementation is missing[0m[0m
[0m[[0minfo[0m] [0m[31m  at scala.Predef$.$qmark$qmark$qmark(Predef.scala:252)[0m[0m
[0m[[0minfo[0m] [0m[31m  at forcomp.Anagrams$.wordAnagrams(Anagrams.scala:59)[0m[0m
[0m[[0minfo[0m] [0m[31m  at forcomp.AnagramsSuite$$anonfun$6.apply$mcV$sp(AnagramsSuite.scala:40)[0m[0m
[0m[[0minfo[0m] [0m[31m  at forcomp.AnagramsSuite$$anonfun$6.apply(AnagramsSuite.scala:40)[0m[0m
[0m[[0minfo[0m] [0m[31m  at forcomp.AnagramsSuite$$anonfun$6.apply(AnagramsSuite.scala:40)[0m[0m
[0m[[0minfo[0m] [0m[31m  at org.scalatest.FunSuite$$anon$1.apply(FunSuite.scala:1265)[0m[0m
[0m[[0minfo[0m] [0m[31m  at org.scalatest.Suite$class.withFixture(Suite.scala:1974)[0m[0m
[0m[[0minfo[0m] [0m[31m  at forcomp.AnagramsSuite.withFixture(AnagramsSuite.scala:11)[0m[0m
[0m[[0minfo[0m] [0m[31m  at org.scalatest.FunSuite$class.invokeWithFixture$1(FunSuite.scala:1262)[0m[0m
[0m[[0minfo[0m] [0m[31m  at org.scalatest.FunSuite$$anonfun$runTest$1.apply(FunSuite.scala:1271)[0m[0m
[0m[[0minfo[0m] [0m[31m  ...[0m[0m
[0m[[0minfo[0m] [0m[31m- subtract: lard - r *** FAILED ***[0m[0m
[0m[[0minfo[0m] [0m[31m  scala.NotImplementedError: an implementation is missing[0m[0m
[0m[[0minfo[0m] [0m[31m  at scala.Predef$.$qmark$qmark$qmark(Predef.scala:252)[0m[0m
[0m[[0minfo[0m] [0m[31m  at forcomp.Anagrams$.subtract(Anagrams.scala:95)[0m[0m
[0m[[0minfo[0m] [0m[31m  at forcomp.AnagramsSuite$$anonfun$7.apply$mcV$sp(AnagramsSuite.scala:49)[0m[0m
[0m[[0minfo[0m] [0m[31m  at forcomp.AnagramsSuite$$anonfun$7.apply(AnagramsSuite.scala:45)[0m[0m
[0m[[0minfo[0m] [0m[31m  at forcomp.AnagramsSuite$$anonfun$7.apply(AnagramsSuite.scala:45)[0m[0m
[0m[[0minfo[0m] [0m[31m  at org.scalatest.FunSuite$$anon$1.apply(FunSuite.scala:1265)[0m[0m
[0m[[0minfo[0m] [0m[31m  at org.scalatest.Suite$class.withFixture(Suite.scala:1974)[0m[0m
[0m[[0minfo[0m] [0m[31m  at forcomp.AnagramsSuite.withFixture(AnagramsSuite.scala:11)[0m[0m
[0m[[0minfo[0m] [0m[31m  at org.scalatest.FunSuite$class.invokeWithFixture$1(FunSuite.scala:1262)[0m[0m
[0m[[0minfo[0m] [0m[31m  at org.scalatest.FunSuite$$anonfun$runTest$1.apply(FunSuite.scala:1271)[0m[0m
[0m[[0minfo[0m] [0m[31m  ...[0m[0m
[0m[[0minfo[0m] [0m[31m- combinations: [] *** FAILED ***[0m[0m
[0m[[0minfo[0m] [0m[31m  scala.NotImplementedError: an implementation is missing[0m[0m
[0m[[0minfo[0m] [0m[31m  at scala.Predef$.$qmark$qmark$qmark(Predef.scala:252)[0m[0m
[0m[[0minfo[0m] [0m[31m  at forcomp.Anagrams$.combinations(Anagrams.scala:83)[0m[0m
[0m[[0minfo[0m] [0m[31m  at forcomp.AnagramsSuite$$anonfun$8.apply$mcV$sp(AnagramsSuite.scala:55)[0m[0m
[0m[[0minfo[0m] [0m[31m  at forcomp.AnagramsSuite$$anonfun$8.apply(AnagramsSuite.scala:55)[0m[0m
[0m[[0minfo[0m] [0m[31m  at forcomp.AnagramsSuite$$anonfun$8.apply(AnagramsSuite.scala:55)[0m[0m
[0m[[0minfo[0m] [0m[31m  at org.scalatest.FunSuite$$anon$1.apply(FunSuite.scala:1265)[0m[0m
[0m[[0minfo[0m] [0m[31m  at org.scalatest.Suite$class.withFixture(Suite.scala:1974)[0m[0m
[0m[[0minfo[0m] [0m[31m  at forcomp.AnagramsSuite.withFixture(AnagramsSuite.scala:11)[0m[0m
[0m[[0minfo[0m] [0m[31m  at org.scalatest.FunSuite$class.invokeWithFixture$1(FunSuite.scala:1262)[0m[0m
[0m[[0minfo[0m] [0m[31m  at org.scalatest.FunSuite$$anonfun$runTest$1.apply(FunSuite.scala:1271)[0m[0m
[0m[[0minfo[0m] [0m[31m  ...[0m[0m
[0m[[0minfo[0m] [0m[31m- combinations: abba *** FAILED ***[0m[0m
[0m[[0minfo[0m] [0m[31m  scala.NotImplementedError: an implementation is missing[0m[0m
[0m[[0minfo[0m] [0m[31m  at scala.Predef$.$qmark$qmark$qmark(Predef.scala:252)[0m[0m
[0m[[0minfo[0m] [0m[31m  at forcomp.Anagrams$.combinations(Anagrams.scala:83)[0m[0m
[0m[[0minfo[0m] [0m[31m  at forcomp.AnagramsSuite$$anonfun$9.apply$mcV$sp(AnagramsSuite.scala:71)[0m[0m
[0m[[0minfo[0m] [0m[31m  at forcomp.AnagramsSuite$$anonfun$9.apply(AnagramsSuite.scala:58)[0m[0m
[0m[[0minfo[0m] [0m[31m  at forcomp.AnagramsSuite$$anonfun$9.apply(AnagramsSuite.scala:58)[0m[0m
[0m[[0minfo[0m] [0m[31m  at org.scalatest.FunSuite$$anon$1.apply(FunSuite.scala:1265)[0m[0m
[0m[[0minfo[0m] [0m[31m  at org.scalatest.Suite$class.withFixture(Suite.scala:1974)[0m[0m
[0m[[0minfo[0m] [0m[31m  at forcomp.AnagramsSuite.withFixture(AnagramsSuite.scala:11)[0m[0m
[0m[[0minfo[0m] [0m[31m  at org.scalatest.FunSuite$class.invokeWithFixture$1(FunSuite.scala:1262)[0m[0m
[0m[[0minfo[0m] [0m[31m  at org.scalatest.FunSuite$$anonfun$runTest$1.apply(FunSuite.scala:1271)[0m[0m
[0m[[0minfo[0m] [0m[31m  ...[0m[0m
[0m[[0minfo[0m] [0m[31m- sentence anagrams: [] *** FAILED ***[0m[0m
[0m[[0minfo[0m] [0m[31m  scala.NotImplementedError: an implementation is missing[0m[0m
[0m[[0minfo[0m] [0m[31m  at scala.Predef$.$qmark$qmark$qmark(Predef.scala:252)[0m[0m
[0m[[0minfo[0m] [0m[31m  at forcomp.Anagrams$.sentenceAnagrams(Anagrams.scala:137)[0m[0m
[0m[[0minfo[0m] [0m[31m  at forcomp.AnagramsSuite$$anonfun$10.apply$mcV$sp(AnagramsSuite.scala:78)[0m[0m
[0m[[0minfo[0m] [0m[31m  at forcomp.AnagramsSuite$$anonfun$10.apply(AnagramsSuite.scala:76)[0m[0m
[0m[[0minfo[0m] [0m[31m  at forcomp.AnagramsSuite$$anonfun$10.apply(AnagramsSuite.scala:76)[0m[0m
[0m[[0minfo[0m] [0m[31m  at org.scalatest.FunSuite$$anon$1.apply(FunSuite.scala:1265)[0m[0m
[0m[[0minfo[0m] [0m[31m  at org.scalatest.Suite$class.withFixture(Suite.scala:1974)[0m[0m
[0m[[0minfo[0m] [0m[31m  at forcomp.AnagramsSuite.withFixture(AnagramsSuite.scala:11)[0m[0m
[0m[[0minfo[0m] [0m[31m  at org.scalatest.FunSuite$class.invokeWithFixture$1(FunSuite.scala:1262)[0m[0m
[0m[[0minfo[0m] [0m[31m  at org.scalatest.FunSuite$$anonfun$runTest$1.apply(FunSuite.scala:1271)[0m[0m
[0m[[0minfo[0m] [0m[31m  ...[0m[0m
[0m[[0minfo[0m] [0m[31m- sentence anagrams: Linux rulez *** FAILED ***[0m[0m
[0m[[0minfo[0m] [0m[31m  scala.NotImplementedError: an implementation is missing[0m[0m
[0m[[0minfo[0m] [0m[31m  at scala.Predef$.$qmark$qmark$qmark(Predef.scala:252)[0m[0m
[0m[[0minfo[0m] [0m[31m  at forcomp.Anagrams$.sentenceAnagrams(Anagrams.scala:137)[0m[0m
[0m[[0minfo[0m] [0m[31m  at forcomp.AnagramsSuite$$anonfun$11.apply$mcV$sp(AnagramsSuite.scala:105)[0m[0m
[0m[[0minfo[0m] [0m[31m  at forcomp.AnagramsSuite$$anonfun$11.apply(AnagramsSuite.scala:81)[0m[0m
[0m[[0minfo[0m] [0m[31m  at forcomp.AnagramsSuite$$anonfun$11.apply(AnagramsSuite.scala:81)[0m[0m
[0m[[0minfo[0m] [0m[31m  at org.scalatest.FunSuite$$anon$1.apply(FunSuite.scala:1265)[0m[0m
[0m[[0minfo[0m] [0m[31m  at org.scalatest.Suite$class.withFixture(Suite.scala:1974)[0m[0m
[0m[[0minfo[0m] [0m[31m  at forcomp.AnagramsSuite.withFixture(AnagramsSuite.scala:11)[0m[0m
[0m[[0minfo[0m] [0m[31m  at org.scalatest.FunSuite$class.invokeWithFixture$1(FunSuite.scala:1262)[0m[0m
[0m[[0minfo[0m] [0m[31m  at org.scalatest.FunSuite$$anonfun$runTest$1.apply(FunSuite.scala:1271)[0m[0m
[0m[[0minfo[0m] [0m[31m  ...[0m[0m
